<?xml version="1.0" encoding="UTF-8"?>
<!-- Generated by org.testng.reporters.JUnitReportReporter -->
<testsuite hostname="ipeenama" name="com.assignment.testrunner.TestRunner" tests="1" failures="0" timestamp="13 Jul 2020 13:21:39 GMT" time="44.462" errors="0">
  <testcase name="feature" time="44.462" classname="com.assignment.testrunner.TestRunner"/>
</testsuite> <!-- com.assignment.testrunner.TestRunner -->
